::1 - - [31/Oct/2022:13:04:59 +0000] "POST /app/v1/user/register HTTP/1.1" 422 48 "-" "PostmanRuntime/7.29.2"
::1 - - [31/Oct/2022:13:05:55 +0000] "POST /app/v1/user/register HTTP/1.1" 422 52 "-" "PostmanRuntime/7.29.2"
::1 - - [31/Oct/2022:13:06:29 +0000] "POST /app/v1/user/register HTTP/1.1" 201 390 "-" "PostmanRuntime/7.29.2"
::1 - - [31/Oct/2022:13:10:25 +0000] "GET /app/v1/account HTTP/1.1" 404 135 "-" "PostmanRuntime/7.29.2"
::1 - - [31/Oct/2022:13:15:37 +0000] "GET /app/v1/account/listUserAccountDetail HTTP/1.1" 200 49 "-" "PostmanRuntime/7.29.2"
::1 - - [31/Oct/2022:13:15:47 +0000] "POST /v1/user/login HTTP/1.1" 404 135 "-" "PostmanRuntime/7.29.2"
::1 - - [31/Oct/2022:13:15:55 +0000] "POST /app/v1/user/login HTTP/1.1" 200 130 "-" "PostmanRuntime/7.29.2"
::1 - - [31/Oct/2022:13:16:06 +0000] "POST /v1/app/user/verifyOTP HTTP/1.1" 404 135 "-" "PostmanRuntime/7.29.2"
::1 - - [31/Oct/2022:13:16:15 +0000] "POST /app/v1/user/verifyOTP HTTP/1.1" 404 135 "-" "PostmanRuntime/7.29.2"
::1 - - [31/Oct/2022:13:16:24 +0000] "POST /app/v1/user/verifyOTP HTTP/1.1" 404 135 "-" "PostmanRuntime/7.29.2"
::1 - - [31/Oct/2022:13:18:52 +0000] "POST /app/v1/user/verifyOTP/635fc8554724a95af8f7637f HTTP/1.1" 500 48 "-" "PostmanRuntime/7.29.2"
::1 - - [31/Oct/2022:13:20:27 +0000] "POST /app/v1/user/verifyOTP/635fc8554724a95af8f7637f HTTP/1.1" 500 48 "-" "PostmanRuntime/7.29.2"
::1 - - [31/Oct/2022:13:20:50 +0000] "POST /app/v1/user/verifyOTP/635fc8554724a95af8f7637f HTTP/1.1" 500 48 "-" "PostmanRuntime/7.29.2"
::1 - - [31/Oct/2022:13:22:20 +0000] "POST /app/v1/user/verifyOTP/635fc8554724a95af8f7637f HTTP/1.1" 500 48 "-" "PostmanRuntime/7.29.2"
::1 - - [31/Oct/2022:13:22:40 +0000] "POST /app/v1/user/verifyOTP/635fc8554724a95af8f7637f HTTP/1.1" 500 48 "-" "PostmanRuntime/7.29.2"
::1 - - [31/Oct/2022:13:23:23 +0000] "POST /app/v1/user/verifyOTP/635fc8554724a95af8f7637f HTTP/1.1" 500 48 "-" "PostmanRuntime/7.29.2"
::1 - - [31/Oct/2022:13:23:37 +0000] "POST /app/v1/user/verifyOTP/635fc8554724a95af8f7637f HTTP/1.1" 500 48 "-" "PostmanRuntime/7.29.2"
::1 - - [31/Oct/2022:13:23:39 +0000] "POST /app/v1/user/verifyOTP/635fc8554724a95af8f7637f HTTP/1.1" 500 48 "-" "PostmanRuntime/7.29.2"
::1 - - [31/Oct/2022:13:24:01 +0000] "POST /app/v1/user/verifyOTP/635fc8554724a95af8f7637f HTTP/1.1" 200 286 "-" "PostmanRuntime/7.29.2"
::1 - - [31/Oct/2022:13:24:15 +0000] "GET /app/v1/account/listUserAccountDetail HTTP/1.1" 200 49 "-" "PostmanRuntime/7.29.2"
::1 - - [31/Oct/2022:13:24:28 +0000] "GET /app/v1/account/listUserAccountDetail HTTP/1.1" - - "-" "PostmanRuntime/7.29.2"
::1 - - [31/Oct/2022:13:25:31 +0000] "GET /app/v1/account/listUserAccountDetail HTTP/1.1" - - "-" "PostmanRuntime/7.29.2"
::1 - - [31/Oct/2022:13:26:06 +0000] "GET /app/v1/account/listUserAccountDetail HTTP/1.1" - - "-" "PostmanRuntime/7.29.2"
::1 - - [31/Oct/2022:13:33:12 +0000] "GET /app/v1/account/listUserAccountDetail HTTP/1.1" - - "-" "PostmanRuntime/7.29.2"
::1 - - [31/Oct/2022:13:33:33 +0000] "GET /app/v1/account/listUserAccountDetail HTTP/1.1" - - "-" "PostmanRuntime/7.29.2"
::1 - - [31/Oct/2022:13:35:58 +0000] "GET /app/v1/account/listUserAccountDetail HTTP/1.1" 200 231 "-" "PostmanRuntime/7.29.2"
::1 - - [31/Oct/2022:13:36:17 +0000] "GET /app/v1/account/listUserAccountDetail HTTP/1.1" 200 231 "-" "PostmanRuntime/7.29.2"
::1 - - [31/Oct/2022:13:39:22 +0000] "GET /app/v1/account/listUserAccountDetail HTTP/1.1" 200 186 "-" "PostmanRuntime/7.29.2"
::1 - - [31/Oct/2022:13:40:37 +0000] "GET /app/v1/account/listUserAccountDetail HTTP/1.1" 200 172 "-" "PostmanRuntime/7.29.2"
::1 - - [01/Nov/2022:10:09:32 +0000] "GET /app/v1/account/listUserAccountDetail HTTP/1.1" 200 172 "-" "PostmanRuntime/7.29.2"
::1 - - [01/Nov/2022:10:10:51 +0000] "GET /app/v1/account/listUserAccountDetail HTTP/1.1" 200 172 "-" "PostmanRuntime/7.29.2"
::1 - - [01/Nov/2022:10:12:09 +0000] "GET /app/v1/account/listUserAccountDetail HTTP/1.1" - - "-" "PostmanRuntime/7.29.2"
::1 - - [01/Nov/2022:10:12:27 +0000] "GET /app/v1/account/listUserAccountDetail HTTP/1.1" 200 172 "-" "PostmanRuntime/7.29.2"
::1 - - [01/Nov/2022:10:13:34 +0000] "GET /app/v1/account/listUserAccountDetail HTTP/1.1" 200 172 "-" "PostmanRuntime/7.29.2"
::1 - - [01/Nov/2022:10:17:22 +0000] "GET /app/v1/account/listUserAccountDetail HTTP/1.1" 200 172 "-" "PostmanRuntime/7.29.2"
::1 - - [01/Nov/2022:10:19:42 +0000] "GET /app/v1/account/listUserAccountDetail HTTP/1.1" 200 172 "-" "PostmanRuntime/7.29.2"
::1 - - [01/Nov/2022:10:30:51 +0000] "GET /app/v1/account/addAmount HTTP/1.1" 404 135 "-" "PostmanRuntime/7.29.2"
::1 - - [01/Nov/2022:10:30:59 +0000] "POST /app/v1/account/addAmount HTTP/1.1" 200 49 "-" "PostmanRuntime/7.29.2"
::1 - - [01/Nov/2022:10:31:50 +0000] "POST /app/v1/account/addAmount HTTP/1.1" - - "-" "PostmanRuntime/7.29.2"
::1 - - [01/Nov/2022:11:33:09 +0000] "POST /app/v1/user/register HTTP/1.1" 201 390 "-" "PostmanRuntime/7.29.2"
::1 - - [01/Nov/2022:11:33:17 +0000] "GET /app/v1/account/listUserAccountDetail HTTP/1.1" 400 91 "-" "PostmanRuntime/7.29.2"
::1 - - [01/Nov/2022:11:33:28 +0000] "POST /app/v1/user/login HTTP/1.1" 200 130 "-" "PostmanRuntime/7.29.2"
::1 - - [01/Nov/2022:11:33:50 +0000] "POST /app/v1/user/verifyOTP/636103f5175315be22379891 HTTP/1.1" 200 286 "-" "PostmanRuntime/7.29.2"
::1 - - [01/Nov/2022:11:34:01 +0000] "GET /app/v1/account/listUserAccountDetail HTTP/1.1" 200 172 "-" "PostmanRuntime/7.29.2"
::1 - - [01/Nov/2022:11:35:14 +0000] "POST /app/v1/account/addAmount HTTP/1.1" 400 91 "-" "PostmanRuntime/7.29.2"
::1 - - [01/Nov/2022:11:35:32 +0000] "POST /app/v1/account/addAmount HTTP/1.1" - - "-" "PostmanRuntime/7.29.2"
::1 - - [01/Nov/2022:11:36:13 +0000] "POST /app/v1/account/addAmount HTTP/1.1" - - "-" "PostmanRuntime/7.29.2"
::1 - - [01/Nov/2022:11:37:40 +0000] "POST /app/v1/account/addAmount HTTP/1.1" 500 48 "-" "PostmanRuntime/7.29.2"
::1 - - [01/Nov/2022:11:38:14 +0000] "POST /app/v1/account/addAmount HTTP/1.1" 500 48 "-" "PostmanRuntime/7.29.2"
::1 - - [01/Nov/2022:11:38:47 +0000] "POST /app/v1/account/addAmount HTTP/1.1" 500 48 "-" "PostmanRuntime/7.29.2"
::1 - - [01/Nov/2022:11:38:59 +0000] "POST /app/v1/account/addAmount HTTP/1.1" 200 49 "-" "PostmanRuntime/7.29.2"
::1 - - [01/Nov/2022:11:39:05 +0000] "POST /app/v1/account/addAmount HTTP/1.1" 500 48 "-" "PostmanRuntime/7.29.2"
::1 - - [01/Nov/2022:11:39:40 +0000] "POST /app/v1/account/addAmount HTTP/1.1" 500 48 "-" "PostmanRuntime/7.29.2"
::1 - - [01/Nov/2022:11:39:53 +0000] "POST /app/v1/account/addAmount HTTP/1.1" 500 48 "-" "PostmanRuntime/7.29.2"
::1 - - [01/Nov/2022:11:40:48 +0000] "POST /app/v1/account/addAmount HTTP/1.1" 500 48 "-" "PostmanRuntime/7.29.2"
::1 - - [01/Nov/2022:11:41:47 +0000] "POST /app/v1/account/addAmount HTTP/1.1" 500 48 "-" "PostmanRuntime/7.29.2"
::1 - - [01/Nov/2022:11:42:03 +0000] "POST /app/v1/account/addAmount HTTP/1.1" 500 48 "-" "PostmanRuntime/7.29.2"
::1 - - [01/Nov/2022:11:42:39 +0000] "POST /app/v1/account/addAmount HTTP/1.1" 500 48 "-" "PostmanRuntime/7.29.2"
::1 - - [01/Nov/2022:11:42:56 +0000] "POST /app/v1/account/addAmount HTTP/1.1" 500 48 "-" "PostmanRuntime/7.29.2"
::1 - - [01/Nov/2022:11:43:06 +0000] "POST /app/v1/account/addAmount HTTP/1.1" 500 48 "-" "PostmanRuntime/7.29.2"
::1 - - [01/Nov/2022:11:43:25 +0000] "POST /app/v1/account/addAmount HTTP/1.1" 500 48 "-" "PostmanRuntime/7.29.2"
::1 - - [01/Nov/2022:11:43:47 +0000] "POST /app/v1/account/addAmount HTTP/1.1" 500 48 "-" "PostmanRuntime/7.29.2"
::1 - - [01/Nov/2022:11:44:13 +0000] "POST /app/v1/account/addAmount HTTP/1.1" 500 48 "-" "PostmanRuntime/7.29.2"
::1 - - [01/Nov/2022:11:44:32 +0000] "POST /app/v1/account/addAmount HTTP/1.1" 500 48 "-" "PostmanRuntime/7.29.2"
::1 - - [01/Nov/2022:11:44:53 +0000] "POST /app/v1/account/addAmount HTTP/1.1" 500 48 "-" "PostmanRuntime/7.29.2"
::1 - - [01/Nov/2022:11:45:06 +0000] "POST /app/v1/account/addAmount HTTP/1.1" 500 48 "-" "PostmanRuntime/7.29.2"
::1 - - [01/Nov/2022:11:45:25 +0000] "POST /app/v1/account/addAmount HTTP/1.1" 500 48 "-" "PostmanRuntime/7.29.2"
::1 - - [01/Nov/2022:11:45:54 +0000] "POST /app/v1/account/addAmount HTTP/1.1" 500 48 "-" "PostmanRuntime/7.29.2"
::1 - - [01/Nov/2022:11:46:20 +0000] "POST /app/v1/account/addAmount HTTP/1.1" 500 48 "-" "PostmanRuntime/7.29.2"
::1 - - [01/Nov/2022:11:46:42 +0000] "POST /app/v1/account/addAmount HTTP/1.1" 500 48 "-" "PostmanRuntime/7.29.2"
::1 - - [01/Nov/2022:11:47:31 +0000] "POST /app/v1/account/addAmount HTTP/1.1" 500 48 "-" "PostmanRuntime/7.29.2"
::1 - - [01/Nov/2022:11:48:19 +0000] "POST /app/v1/account/addAmount HTTP/1.1" 500 48 "-" "PostmanRuntime/7.29.2"
::1 - - [01/Nov/2022:11:48:32 +0000] "POST /app/v1/account/addAmount HTTP/1.1" 500 48 "-" "PostmanRuntime/7.29.2"
::1 - - [01/Nov/2022:11:48:52 +0000] "POST /app/v1/account/addAmount HTTP/1.1" 500 48 "-" "PostmanRuntime/7.29.2"
::1 - - [01/Nov/2022:11:49:05 +0000] "POST /app/v1/account/addAmount HTTP/1.1" 500 48 "-" "PostmanRuntime/7.29.2"
::1 - - [01/Nov/2022:11:55:33 +0000] "POST /app/v1/user/verifyOTP/636103f5175315be22379891 HTTP/1.1" 400 40 "-" "PostmanRuntime/7.29.2"
::1 - - [01/Nov/2022:11:55:37 +0000] "POST /app/v1/account/addAmount HTTP/1.1" 500 48 "-" "PostmanRuntime/7.29.2"
::1 - - [01/Nov/2022:11:56:32 +0000] "POST /app/v1/account/addAmount HTTP/1.1" 500 48 "-" "PostmanRuntime/7.29.2"
::1 - - [01/Nov/2022:11:56:49 +0000] "POST /app/v1/account/addAmount HTTP/1.1" 500 48 "-" "PostmanRuntime/7.29.2"
::1 - - [01/Nov/2022:11:57:49 +0000] "POST /app/v1/account/addAmount HTTP/1.1" 500 48 "-" "PostmanRuntime/7.29.2"
::1 - - [01/Nov/2022:11:59:48 +0000] "POST /app/v1/account/addAmount HTTP/1.1" 200 42 "-" "PostmanRuntime/7.29.2"
::1 - - [01/Nov/2022:12:00:47 +0000] "POST /app/v1/account/addAmount HTTP/1.1" 500 48 "-" "PostmanRuntime/7.29.2"
::1 - - [01/Nov/2022:12:01:03 +0000] "POST /app/v1/account/addAmount HTTP/1.1" 500 48 "-" "PostmanRuntime/7.29.2"
::1 - - [01/Nov/2022:12:02:10 +0000] "POST /app/v1/account/addAmount HTTP/1.1" 500 40 "-" "PostmanRuntime/7.29.2"
::1 - - [01/Nov/2022:12:03:35 +0000] "POST /app/v1/account/addAmount HTTP/1.1" 500 48 "-" "PostmanRuntime/7.29.2"
::1 - - [01/Nov/2022:12:03:38 +0000] "POST /app/v1/account/addAmount HTTP/1.1" 500 48 "-" "PostmanRuntime/7.29.2"
::1 - - [01/Nov/2022:12:03:46 +0000] "POST /app/v1/account/addAmount HTTP/1.1" 500 48 "-" "PostmanRuntime/7.29.2"
::1 - - [01/Nov/2022:12:06:54 +0000] "POST /app/v1/account/addAmount HTTP/1.1" 500 48 "-" "PostmanRuntime/7.29.2"
::1 - - [01/Nov/2022:12:07:04 +0000] "GET /app/v1/account/listUserAccountDetail HTTP/1.1" 500 48 "-" "PostmanRuntime/7.29.2"
::1 - - [01/Nov/2022:12:07:18 +0000] "POST /app/v1/user/verifyOTP/636103f5175315be22379891 HTTP/1.1" 200 286 "-" "PostmanRuntime/7.29.2"
::1 - - [01/Nov/2022:12:07:31 +0000] "GET /app/v1/account/listUserAccountDetail HTTP/1.1" 200 42 "-" "PostmanRuntime/7.29.2"
::1 - - [01/Nov/2022:12:07:52 +0000] "GET /app/v1/account/listUserAccountDetail HTTP/1.1" 200 42 "-" "PostmanRuntime/7.29.2"
::1 - - [01/Nov/2022:12:07:58 +0000] "POST /app/v1/user/login HTTP/1.1" 200 130 "-" "PostmanRuntime/7.29.2"
::1 - - [01/Nov/2022:12:08:06 +0000] "POST /app/v1/user/verifyOTP/636103f5175315be22379891 HTTP/1.1" 200 286 "-" "PostmanRuntime/7.29.2"
::1 - - [01/Nov/2022:12:08:21 +0000] "GET /app/v1/account/listUserAccountDetail HTTP/1.1" 200 42 "-" "PostmanRuntime/7.29.2"
::1 - - [01/Nov/2022:12:08:46 +0000] "GET /app/v1/account/listUserAccountDetail HTTP/1.1" 200 172 "-" "PostmanRuntime/7.29.2"
::1 - - [01/Nov/2022:12:08:59 +0000] "POST /app/v1/account/addAmount HTTP/1.1" - - "-" "PostmanRuntime/7.29.2"
::1 - - [01/Nov/2022:12:09:48 +0000] "POST /app/v1/account/addAmount HTTP/1.1" - - "-" "PostmanRuntime/7.29.2"
::1 - - [01/Nov/2022:12:16:06 +0000] "POST /app/v1/account/addAmount HTTP/1.1" 409 82 "-" "PostmanRuntime/7.29.2"
::1 - - [01/Nov/2022:12:16:22 +0000] "POST /app/v1/account/addAmount HTTP/1.1" 200 82 "-" "PostmanRuntime/7.29.2"
::1 - - [01/Nov/2022:12:17:30 +0000] "POST /app/v1/account/addAmount HTTP/1.1" 200 273 "-" "PostmanRuntime/7.29.2"
::1 - - [01/Nov/2022:12:17:37 +0000] "GET /app/v1/account/listUserAccountDetail HTTP/1.1" 200 174 "-" "PostmanRuntime/7.29.2"
::1 - - [01/Nov/2022:12:20:18 +0000] "POST /app/v1/account/addAmount HTTP/1.1" 200 294 "-" "PostmanRuntime/7.29.2"
::1 - - [01/Nov/2022:12:20:26 +0000] "GET /app/v1/account/listUserAccountDetail HTTP/1.1" 200 174 "-" "PostmanRuntime/7.29.2"
::1 - - [01/Nov/2022:12:20:49 +0000] "GET /app/v1/account/listUserAccountDetail HTTP/1.1" 200 180 "-" "PostmanRuntime/7.29.2"
::1 - - [01/Nov/2022:12:28:01 +0000] "POST /app/v1/account/addAmount HTTP/1.1" 200 327 "-" "PostmanRuntime/7.29.2"
::1 - - [01/Nov/2022:12:43:22 +0000] "POST /app/v1/user/register HTTP/1.1" 201 390 "-" "PostmanRuntime/7.29.2"
::1 - - [01/Nov/2022:12:43:51 +0000] "POST /app/v1/user/login HTTP/1.1" 200 130 "-" "PostmanRuntime/7.29.2"
::1 - - [01/Nov/2022:12:43:59 +0000] "POST /app/v1/user/verifyOTP/636103f5175315be22379891 HTTP/1.1" 200 286 "-" "PostmanRuntime/7.29.2"
::1 - - [01/Nov/2022:12:44:13 +0000] "GET /app/v1/account/listUserAccountDetail HTTP/1.1" 200 178 "-" "PostmanRuntime/7.29.2"
::1 - - [01/Nov/2022:12:56:21 +0000] "POST /app/v1/account/addAmount HTTP/1.1" 400 91 "-" "PostmanRuntime/7.29.2"
::1 - - [01/Nov/2022:12:56:33 +0000] "GET /app/v1/account/listUserAccountDetail HTTP/1.1" 400 91 "-" "PostmanRuntime/7.29.2"
::1 - - [01/Nov/2022:12:56:48 +0000] "GET /app/v1/account/listUserAccountDetail HTTP/1.1" 400 91 "-" "PostmanRuntime/7.29.2"
::1 - - [01/Nov/2022:12:56:53 +0000] "POST /app/v1/user/verifyOTP/636103f5175315be22379891 HTTP/1.1" 400 41 "-" "PostmanRuntime/7.29.2"
::1 - - [01/Nov/2022:12:57:00 +0000] "POST /app/v1/user/register HTTP/1.1" 201 390 "-" "PostmanRuntime/7.29.2"
::1 - - [01/Nov/2022:12:57:05 +0000] "POST /app/v1/user/login HTTP/1.1" 200 130 "-" "PostmanRuntime/7.29.2"
::1 - - [01/Nov/2022:12:57:13 +0000] "POST /app/v1/user/verifyOTP/636103f5175315be22379891 HTTP/1.1" 200 286 "-" "PostmanRuntime/7.29.2"
::1 - - [01/Nov/2022:12:57:23 +0000] "GET /app/v1/account/listUserAccountDetail HTTP/1.1" 200 178 "-" "PostmanRuntime/7.29.2"
::1 - - [01/Nov/2022:13:02:21 +0000] "GET /app/v1/account/listUserAccountDetail HTTP/1.1" 200 49 "-" "PostmanRuntime/7.29.2"
::1 - - [01/Nov/2022:13:02:25 +0000] "GET /app/v1/account/listUserAccountDetail HTTP/1.1" 200 180 "-" "PostmanRuntime/7.29.2"
::1 - - [01/Nov/2022:13:04:43 +0000] "POST /app/v1/account/addAmount HTTP/1.1" 200 293 "-" "PostmanRuntime/7.29.2"
::1 - - [01/Nov/2022:13:06:12 +0000] "GET /app/v1/account/listUserAccountDetail HTTP/1.1" 200 180 "-" "PostmanRuntime/7.29.2"
::1 - - [01/Nov/2022:13:10:22 +0000] "POST /app/v1/account/addAmount HTTP/1.1" 200 293 "-" "PostmanRuntime/7.29.2"
::1 - - [01/Nov/2022:13:15:29 +0000] "POST /app/v1/account/addAmount HTTP/1.1" 200 468 "-" "PostmanRuntime/7.29.2"
::1 - - [01/Nov/2022:13:17:51 +0000] "POST /app/v1/account/addAmount HTTP/1.1" 200 557 "-" "PostmanRuntime/7.29.2"
::1 - - [01/Nov/2022:15:01:06 +0000] "POST /app/v1/account/addAmount HTTP/1.1" - - "-" "PostmanRuntime/7.29.2"
::1 - - [01/Nov/2022:15:30:04 +0000] "POST /app/v1/account/addAmount HTTP/1.1" - - "-" "PostmanRuntime/7.29.2"
::1 - - [01/Nov/2022:15:30:54 +0000] "POST /app/v1/account/addAmount HTTP/1.1" - - "-" "PostmanRuntime/7.29.2"
::1 - - [01/Nov/2022:15:32:11 +0000] "POST /app/v1/account/addAmount HTTP/1.1" 200 645 "-" "PostmanRuntime/7.29.2"
::1 - - [01/Nov/2022:15:33:22 +0000] "POST /app/v1/account/addAmount HTTP/1.1" 200 733 "-" "PostmanRuntime/7.29.2"
::1 - - [01/Nov/2022:15:34:02 +0000] "POST /app/v1/account/addAmount HTTP/1.1" 200 821 "-" "PostmanRuntime/7.29.2"
::1 - - [01/Nov/2022:16:25:16 +0000] "POST /app/v1/account/addAmount HTTP/1.1" - - "-" "PostmanRuntime/7.29.2"
::1 - - [01/Nov/2022:16:26:42 +0000] "POST /app/v1/account/addAmount HTTP/1.1" - - "-" "PostmanRuntime/7.29.2"
::1 - - [01/Nov/2022:16:27:15 +0000] "POST /app/v1/account/addAmount HTTP/1.1" - - "-" "PostmanRuntime/7.29.2"
::1 - - [01/Nov/2022:16:56:39 +0000] "POST /app/v1/account/addAmount HTTP/1.1" 200 821 "-" "PostmanRuntime/7.29.2"
::1 - - [01/Nov/2022:17:02:02 +0000] "POST /app/v1/account/addAmount HTTP/1.1" 200 876 "-" "PostmanRuntime/7.29.2"
::1 - - [01/Nov/2022:17:05:56 +0000] "POST /app/v1/user/register HTTP/1.1" 201 390 "-" "PostmanRuntime/7.29.2"
::1 - - [01/Nov/2022:17:06:05 +0000] "POST /app/v1/user/login HTTP/1.1" 200 130 "-" "PostmanRuntime/7.29.2"
::1 - - [01/Nov/2022:17:06:18 +0000] "POST /app/v1/user/verifyOTP/636103f5175315be22379891 HTTP/1.1" 200 286 "-" "PostmanRuntime/7.29.2"
::1 - - [01/Nov/2022:17:06:34 +0000] "GET /app/v1/account/listUserAccountDetail HTTP/1.1" 200 178 "-" "PostmanRuntime/7.29.2"
::1 - - [01/Nov/2022:17:06:58 +0000] "POST /app/v1/account/addAmount HTTP/1.1" 400 91 "-" "PostmanRuntime/7.29.2"
::1 - - [01/Nov/2022:17:08:45 +0000] "GET /app/v1/account/listUserAccountDetail HTTP/1.1" 200 178 "-" "PostmanRuntime/7.29.2"
::1 - - [01/Nov/2022:17:10:59 +0000] "POST /app/v1/account/addAmount HTTP/1.1" 200 347 "-" "PostmanRuntime/7.29.2"
::1 - - [01/Nov/2022:17:11:27 +0000] "POST /app/v1/account/addAmount HTTP/1.1" 200 402 "-" "PostmanRuntime/7.29.2"
::1 - - [07/Nov/2022:13:25:43 +0000] "POST /app/v1/account/addAmount HTTP/1.1" 400 91 "-" "PostmanRuntime/7.29.2"
::1 - - [07/Nov/2022:13:26:12 +0000] "POST /app/v1/user/login HTTP/1.1" 409 49 "-" "PostmanRuntime/7.29.2"
::1 - - [07/Nov/2022:13:26:46 +0000] "POST /app/v1/user/register HTTP/1.1" 500 48 "-" "PostmanRuntime/7.29.2"
::1 - - [07/Nov/2022:13:32:32 +0000] "POST /app/v1/user/register HTTP/1.1" 200 83 "-" "PostmanRuntime/7.29.2"
::1 - - [07/Nov/2022:13:32:39 +0000] "POST /app/v1/user/register HTTP/1.1" 201 391 "-" "PostmanRuntime/7.29.2"
::1 - - [07/Nov/2022:13:32:45 +0000] "POST /app/v1/user/login HTTP/1.1" 200 130 "-" "PostmanRuntime/7.29.2"
::1 - - [07/Nov/2022:13:32:58 +0000] "POST /app/v1/user/verifyOTP/635fc8554724a95af8f7637f HTTP/1.1" 200 286 "-" "PostmanRuntime/7.29.2"
::1 - - [07/Nov/2022:13:40:26 +0000] "POST /app/v1/account/addAmount HTTP/1.1" 200 68 "-" "PostmanRuntime/7.29.2"
::1 - - [07/Nov/2022:13:41:28 +0000] "POST /app/v1/account/addAmount HTTP/1.1" 200 68 "-" "PostmanRuntime/7.29.2"
::1 - - [07/Nov/2022:13:43:03 +0000] "POST /app/v1/account/addAmount HTTP/1.1" 200 68 "-" "PostmanRuntime/7.29.2"
::1 - - [07/Nov/2022:13:44:05 +0000] "POST /app/v1/account/addAmount HTTP/1.1" 200 68 "-" "PostmanRuntime/7.29.2"
::1 - - [07/Nov/2022:13:44:33 +0000] "POST /app/v1/account/addAmount HTTP/1.1" 200 68 "-" "PostmanRuntime/7.29.2"
::1 - - [07/Nov/2022:13:50:08 +0000] "POST /app/v1/account/addAmount HTTP/1.1" - - "-" "PostmanRuntime/7.29.2"
::1 - - [07/Nov/2022:13:51:35 +0000] "POST /app/v1/account/addAmount HTTP/1.1" - - "-" "PostmanRuntime/7.29.2"
::1 - - [07/Nov/2022:13:54:04 +0000] "POST /app/v1/account/addAmount HTTP/1.1" - - "-" "PostmanRuntime/7.29.2"
::1 - - [07/Nov/2022:17:26:54 +0000] "POST /app/v1/account/addAmount HTTP/1.1" 404 135 "-" "PostmanRuntime/7.29.2"
::1 - - [07/Nov/2022:17:30:43 +0000] "POST /app/v1/account/addAmount HTTP/1.1" 200 347 "-" "PostmanRuntime/7.29.2"
::1 - - [07/Nov/2022:17:31:03 +0000] "POST /app/v1/account/addAmount HTTP/1.1" 200 402 "-" "PostmanRuntime/7.29.2"
::1 - - [07/Nov/2022:17:31:59 +0000] "POST /app/v1/account/addAmount HTTP/1.1" 200 470 "-" "PostmanRuntime/7.29.2"
::1 - - [07/Nov/2022:17:32:58 +0000] "POST /app/v1/account/addAmount HTTP/1.1" 200 533 "-" "PostmanRuntime/7.29.2"
::1 - - [07/Nov/2022:17:33:21 +0000] "POST /app/v1/account/addAmount HTTP/1.1" 200 596 "-" "PostmanRuntime/7.29.2"
::1 - - [07/Nov/2022:17:33:31 +0000] "POST /app/v1/account/addAmount HTTP/1.1" 200 661 "-" "PostmanRuntime/7.29.2"
::1 - - [07/Nov/2022:17:33:48 +0000] "POST /app/v1/account/addAmount HTTP/1.1" 200 725 "-" "PostmanRuntime/7.29.2"
